c:\users\gabry\onedrive\desktop\polimi\cmls - computer music_language and systems\juce-6.1.5-windows\juceprojects\flangelvs\builds\visualstudio2022\x64\debug\shared code\flangelvs.pdb
c:\users\gabry\onedrive\desktop\polimi\cmls - computer music_language and systems\juce-6.1.5-windows\juceprojects\flangelvs\builds\visualstudio2022\x64\debug\shared code\include_juce_gui_basics.obj
c:\users\gabry\onedrive\desktop\polimi\cmls - computer music_language and systems\juce-6.1.5-windows\juceprojects\flangelvs\builds\visualstudio2022\x64\debug\shared code\include_juce_audio_devices.obj
c:\users\gabry\onedrive\desktop\polimi\cmls - computer music_language and systems\juce-6.1.5-windows\juceprojects\flangelvs\builds\visualstudio2022\x64\debug\shared code\include_juce_audio_formats.obj
c:\users\gabry\onedrive\desktop\polimi\cmls - computer music_language and systems\juce-6.1.5-windows\juceprojects\flangelvs\builds\visualstudio2022\x64\debug\shared code\include_juce_audio_utils.obj
c:\users\gabry\onedrive\desktop\polimi\cmls - computer music_language and systems\juce-6.1.5-windows\juceprojects\flangelvs\builds\visualstudio2022\x64\debug\shared code\include_juce_data_structures.obj
c:\users\gabry\onedrive\desktop\polimi\cmls - computer music_language and systems\juce-6.1.5-windows\juceprojects\flangelvs\builds\visualstudio2022\x64\debug\shared code\include_juce_graphics.obj
c:\users\gabry\onedrive\desktop\polimi\cmls - computer music_language and systems\juce-6.1.5-windows\juceprojects\flangelvs\builds\visualstudio2022\x64\debug\shared code\include_juce_dsp.obj
c:\users\gabry\onedrive\desktop\polimi\cmls - computer music_language and systems\juce-6.1.5-windows\juceprojects\flangelvs\builds\visualstudio2022\x64\debug\shared code\include_juce_core.obj
c:\users\gabry\onedrive\desktop\polimi\cmls - computer music_language and systems\juce-6.1.5-windows\juceprojects\flangelvs\builds\visualstudio2022\x64\debug\shared code\include_juce_audio_plugin_client_utils.obj
c:\users\gabry\onedrive\desktop\polimi\cmls - computer music_language and systems\juce-6.1.5-windows\juceprojects\flangelvs\builds\visualstudio2022\x64\debug\shared code\binarydata.obj
c:\users\gabry\onedrive\desktop\polimi\cmls - computer music_language and systems\juce-6.1.5-windows\juceprojects\flangelvs\builds\visualstudio2022\x64\debug\shared code\include_juce_events.obj
c:\users\gabry\onedrive\desktop\polimi\cmls - computer music_language and systems\juce-6.1.5-windows\juceprojects\flangelvs\builds\visualstudio2022\x64\debug\shared code\include_juce_osc.obj
c:\users\gabry\onedrive\desktop\polimi\cmls - computer music_language and systems\juce-6.1.5-windows\juceprojects\flangelvs\builds\visualstudio2022\x64\debug\shared code\include_juce_audio_processors.obj
c:\users\gabry\onedrive\desktop\polimi\cmls - computer music_language and systems\juce-6.1.5-windows\juceprojects\flangelvs\builds\visualstudio2022\x64\debug\shared code\pluginprocessor.obj
c:\users\gabry\onedrive\desktop\polimi\cmls - computer music_language and systems\juce-6.1.5-windows\juceprojects\flangelvs\builds\visualstudio2022\x64\debug\shared code\include_juce_audio_basics.obj
c:\users\gabry\onedrive\desktop\polimi\cmls - computer music_language and systems\juce-6.1.5-windows\juceprojects\flangelvs\builds\visualstudio2022\x64\debug\shared code\include_juce_gui_extra.obj
c:\users\gabry\onedrive\desktop\polimi\cmls - computer music_language and systems\juce-6.1.5-windows\juceprojects\flangelvs\builds\visualstudio2022\x64\debug\shared code\plugineditor.obj
c:\users\gabry\onedrive\desktop\polimi\cmls - computer music_language and systems\juce-6.1.5-windows\juceprojects\flangelvs\builds\visualstudio2022\x64\debug\shared code\flangelvs.lib
c:\users\gabry\onedrive\desktop\polimi\cmls - computer music_language and systems\juce-6.1.5-windows\juceprojects\flangelvs\builds\visualstudio2022\x64\debug\shared code\flangelv.d44b8610.tlog\cl.command.1.tlog
c:\users\gabry\onedrive\desktop\polimi\cmls - computer music_language and systems\juce-6.1.5-windows\juceprojects\flangelvs\builds\visualstudio2022\x64\debug\shared code\flangelv.d44b8610.tlog\cl.read.1.tlog
c:\users\gabry\onedrive\desktop\polimi\cmls - computer music_language and systems\juce-6.1.5-windows\juceprojects\flangelvs\builds\visualstudio2022\x64\debug\shared code\flangelv.d44b8610.tlog\cl.write.1.tlog
c:\users\gabry\onedrive\desktop\polimi\cmls - computer music_language and systems\juce-6.1.5-windows\juceprojects\flangelvs\builds\visualstudio2022\x64\debug\shared code\flangelv.d44b8610.tlog\lib-link.read.1.tlog
c:\users\gabry\onedrive\desktop\polimi\cmls - computer music_language and systems\juce-6.1.5-windows\juceprojects\flangelvs\builds\visualstudio2022\x64\debug\shared code\flangelv.d44b8610.tlog\lib-link.write.1.tlog
c:\users\gabry\onedrive\desktop\polimi\cmls - computer music_language and systems\juce-6.1.5-windows\juceprojects\flangelvs\builds\visualstudio2022\x64\debug\shared code\flangelv.d44b8610.tlog\lib.command.1.tlog
